<?xml version="1.0" encoding="UTF-8"?>
<testsuite xmlns:xsi="http://www.w3.org/2001/XMLSchema-instance" xsi:noNamespaceSchemaLocation="https://maven.apache.org/surefire/maven-surefire-plugin/xsd/surefire-test-report-3.0.xsd" version="3.0" name="com.internet.tests.HoversTest" time="6.769" tests="1" errors="0" skipped="0" failures="0">
  <properties>
[...]
</properties>
  <testcase name="hoverThirdProfileTest" classname="com.internet.tests.HoversTest" time="6.732">
    <system-out><![CDATA[18:57:05.839 [main] DEBUG io.github.bonigarcia.wdm.WebDriverManager -- Using WebDriverManager 6.3.3
18:57:06.356 [main] DEBUG io.github.bonigarcia.wdm.cache.ResolutionCache -- Resolution chrome=145 in cache (valid until 19:41:12 12/02/2026 CET)
18:57:06.357 [main] DEBUG io.github.bonigarcia.wdm.cache.ResolutionCache -- Resolution chrome145=145.0.7632.46 in cache (valid until 09:40:34 13/02/2026 CET)
18:57:06.358 [main] INFO io.github.bonigarcia.wdm.WebDriverManager -- Using chromedriver 145.0.7632.46 (resolved driver for Chrome 145)
18:57:06.406 [main] DEBUG io.github.bonigarcia.wdm.WebDriverManager -- Driver chromedriver 145.0.7632.46 found in cache
18:57:06.408 [main] INFO io.github.bonigarcia.wdm.WebDriverManager -- Exporting webdriver.chrome.driver as C:\Users\yanam\.cache\selenium\chromedriver\win64\145.0.7632.46\chromedriver.exe
18:57:12.531 [main] INFO com.internet.utils.MyTestWatcher -- The method public void com.internet.tests.HoversTest.hoverThirdProfileTest() is PASSED
18:57:12.531 [main] INFO com.internet.utils.MyTestWatcher -- hoverThirdProfileTest()
18:57:12.531 [main] INFO com.internet.utils.MyTestWatcher -- ************************
]]></system-out>
    <system-err><![CDATA[февр. 12, 2026 6:57:08 PM org.openqa.selenium.devtools.CdpVersionFinder findNearestMatch
WARNING: Unable to find an exact match for CDP version 145, returning the closest version; found: 144; Please update to a Selenium version that supports CDP version 145
]]></system-err>
  </testcase>
</testsuite>